<?xml version="1.0" encoding="utf-8" standalone="no"?>
<!--This file represents the results of running a test suite-->
<test-results name="C:\Users\User\documents\visual studio 2010\Projects\Dishs4TheDay\DishSelection\DishSelection.csproj" total="0" errors="0" failures="0" not-run="0" inconclusive="0" ignored="0" skipped="0" invalid="0" date="2014-07-21" time="13:17:26">
  <environment nunit-version="2.6.3.13283" clr-version="2.0.50727.4247" os-version="Microsoft Windows NT 6.0.6002 Service Pack 2" platform="Win32NT" cwd="C:\Users\User\documents\visual studio 2010\Projects\Dishs4TheDay\DishSelection" machine-name="USER-PC" user="User" user-domain="USER-PC" />
  <culture-info current-culture="en-US" current-uiculture="en-US" />
  <test-suite type="Project" name="C:\Users\User\documents\visual studio 2010\Projects\Dishs4TheDay\DishSelection\DishSelection.csproj" executed="True" result="Inconclusive" success="False" time="0.001" asserts="0">
    <results>
      <test-suite type="Assembly" name="C:\Users\User\documents\visual studio 2010\Projects\Dishs4TheDay\DishSelection\bin\Debug\DishSelection.dll" executed="True" result="Inconclusive" success="False" time="0.000" asserts="0" />
    </results>
  </test-suite>
</test-results>